0 info it worked if it ends with ok
1 verbose cli [ '/Users/Neal/.nvm/versions/node/v6.9.1/bin/node',
1 verbose cli   '/Users/Neal/.nvm/versions/node/v6.9.1/bin/npm',
1 verbose cli   'run',
1 verbose cli   'compile:sass' ]
2 info using npm@3.10.8
3 info using node@v6.9.1
4 verbose run-script [ 'precompile:sass', 'compile:sass', 'postcompile:sass' ]
5 info lifecycle starter@1.0.0~precompile:sass: starter@1.0.0
6 silly lifecycle starter@1.0.0~precompile:sass: no script for precompile:sass, continuing
7 info lifecycle starter@1.0.0~compile:sass: starter@1.0.0
8 verbose lifecycle starter@1.0.0~compile:sass: unsafe-perm in lifecycle true
9 verbose lifecycle starter@1.0.0~compile:sass: PATH: /Users/Neal/.nvm/versions/node/v6.9.1/lib/node_modules/npm/bin/node-gyp-bin:/Users/Neal/Desktop/Udemy Full Stack Developer/advanced-css-course-master/Natours/starter/node_modules/.bin:/Users/Neal/.nvm/versions/node/v6.9.1/bin:/Library/Frameworks/Python.framework/Versions/2.7/bin:/usr/bin:/bin:/usr/sbin:/sbin:/usr/local/bin:/usr/X11/bin
10 verbose lifecycle starter@1.0.0~compile:sass: CWD: /Users/Neal/Desktop/Udemy Full Stack Developer/advanced-css-course-master/Natours/starter
11 silly lifecycle starter@1.0.0~compile:sass: Args: [ '-c', 'node-sass sass/main.scss css/style.css -w' ]
12 silly lifecycle starter@1.0.0~compile:sass: Returned: code: 1  signal: null
13 info lifecycle starter@1.0.0~compile:sass: Failed to exec compile:sass script
14 verbose stack Error: starter@1.0.0 compile:sass: `node-sass sass/main.scss css/style.css -w`
14 verbose stack Exit status 1
14 verbose stack     at EventEmitter.<anonymous> (/Users/Neal/.nvm/versions/node/v6.9.1/lib/node_modules/npm/lib/utils/lifecycle.js:255:16)
14 verbose stack     at emitTwo (events.js:106:13)
14 verbose stack     at EventEmitter.emit (events.js:191:7)
14 verbose stack     at ChildProcess.<anonymous> (/Users/Neal/.nvm/versions/node/v6.9.1/lib/node_modules/npm/lib/utils/spawn.js:40:14)
14 verbose stack     at emitTwo (events.js:106:13)
14 verbose stack     at ChildProcess.emit (events.js:191:7)
14 verbose stack     at maybeClose (internal/child_process.js:877:16)
14 verbose stack     at Process.ChildProcess._handle.onexit (internal/child_process.js:226:5)
15 verbose pkgid starter@1.0.0
16 verbose cwd /Users/Neal/Desktop/Udemy Full Stack Developer/advanced-css-course-master/Natours/starter
17 error Darwin 18.7.0
18 error argv "/Users/Neal/.nvm/versions/node/v6.9.1/bin/node" "/Users/Neal/.nvm/versions/node/v6.9.1/bin/npm" "run" "compile:sass"
19 error node v6.9.1
20 error npm  v3.10.8
21 error code ELIFECYCLE
22 error starter@1.0.0 compile:sass: `node-sass sass/main.scss css/style.css -w`
22 error Exit status 1
23 error Failed at the starter@1.0.0 compile:sass script 'node-sass sass/main.scss css/style.css -w'.
23 error Make sure you have the latest version of node.js and npm installed.
23 error If you do, this is most likely a problem with the starter package,
23 error not with npm itself.
23 error Tell the author that this fails on your system:
23 error     node-sass sass/main.scss css/style.css -w
23 error You can get information on how to open an issue for this project with:
23 error     npm bugs starter
23 error Or if that isn't available, you can get their info via:
23 error     npm owner ls starter
23 error There is likely additional logging output above.
24 verbose exit [ 1, true ]
